0 info it worked if it ends with ok
1 verbose cli [ '/Users/ireneli/.nvm/versions/node/v4.3.1/bin/node',
1 verbose cli   '/Users/ireneli/.nvm/versions/node/v4.3.1/bin/npm',
1 verbose cli   'run',
1 verbose cli   'lint' ]
2 info using npm@4.1.1
3 info using node@v4.3.1
4 verbose run-script [ 'prelint', 'lint', 'postlint' ]
5 info lifecycle template@1.0.0~prelint: template@1.0.0
6 silly lifecycle template@1.0.0~prelint: no script for prelint, continuing
7 info lifecycle template@1.0.0~lint: template@1.0.0
8 verbose lifecycle template@1.0.0~lint: unsafe-perm in lifecycle true
9 verbose lifecycle template@1.0.0~lint: PATH: /Users/ireneli/.nvm/versions/node/v4.3.1/lib/node_modules/npm/bin/node-gyp-bin:/Users/ireneli/Temp/restaurant-waitlist/node_modules/.bin:/Users/ireneli/miniconda3/bin:/Users/ireneli/Library/Android/sdk/platform-tools:/Users/ireneli/Library/Android/sdk/tools:/Users/ireneli/.nvm/versions/node/v4.3.1/bin:/Users/ireneli/.cargo/bin:/Users/ireneli/.rvm/gems/ruby-2.2.1/bin:/Users/ireneli/.rvm/gems/ruby-2.2.1@global/bin:/Users/ireneli/.rvm/rubies/ruby-2.2.1/bin:/opt/local/bin:/opt/local/sbin:/usr/local/bin:/usr/bin:/bin:/usr/sbin:/sbin:/Users/ireneli/.rvm/bin:/Users/ireneli/.rvm/bin:/usr/local/mysql/bin
10 verbose lifecycle template@1.0.0~lint: CWD: /Users/ireneli/Temp/restaurant-waitlist
11 silly lifecycle template@1.0.0~lint: Args: [ '-c', 'standard --fix && eslint --fix ./src/**' ]
12 silly lifecycle template@1.0.0~lint: Returned: code: 1  signal: null
13 info lifecycle template@1.0.0~lint: Failed to exec lint script
14 verbose stack Error: template@1.0.0 lint: `standard --fix && eslint --fix ./src/**`
14 verbose stack Exit status 1
14 verbose stack     at EventEmitter.<anonymous> (/Users/ireneli/.nvm/versions/node/v4.3.1/lib/node_modules/npm/lib/utils/lifecycle.js:279:16)
14 verbose stack     at emitTwo (events.js:87:13)
14 verbose stack     at EventEmitter.emit (events.js:172:7)
14 verbose stack     at ChildProcess.<anonymous> (/Users/ireneli/.nvm/versions/node/v4.3.1/lib/node_modules/npm/lib/utils/spawn.js:40:14)
14 verbose stack     at emitTwo (events.js:87:13)
14 verbose stack     at ChildProcess.emit (events.js:172:7)
14 verbose stack     at maybeClose (internal/child_process.js:821:16)
14 verbose stack     at Process.ChildProcess._handle.onexit (internal/child_process.js:211:5)
15 verbose pkgid template@1.0.0
16 verbose cwd /Users/ireneli/Temp/restaurant-waitlist
17 error Darwin 16.4.0
18 error argv "/Users/ireneli/.nvm/versions/node/v4.3.1/bin/node" "/Users/ireneli/.nvm/versions/node/v4.3.1/bin/npm" "run" "lint"
19 error node v4.3.1
20 error npm  v4.1.1
21 error code ELIFECYCLE
22 error template@1.0.0 lint: `standard --fix && eslint --fix ./src/**`
22 error Exit status 1
23 error Failed at the template@1.0.0 lint script 'standard --fix && eslint --fix ./src/**'.
23 error Make sure you have the latest version of node.js and npm installed.
23 error If you do, this is most likely a problem with the template package,
23 error not with npm itself.
23 error Tell the author that this fails on your system:
23 error     standard --fix && eslint --fix ./src/**
23 error You can get information on how to open an issue for this project with:
23 error     npm bugs template
23 error Or if that isn't available, you can get their info via:
23 error     npm owner ls template
23 error There is likely additional logging output above.
24 verbose exit [ 1, true ]
